Removed Member From Class: ClassName=IGBT_Driver_Stage Member=P1
Removed Member From Class: ClassName=IGBT_Driver_Stage Member=P2
Removed Member From Class: ClassName=IGBT_Driver_Stage Member=T1
Removed Member From Class: ClassName=IGBT_Driver_Stage Member=T2
Change Component DesignItemId : Designator=R4 Old DesignItemId=CMP-1013-00026-1 New DesignItemId=CMP-1013-00062-1
Change Component Comment : Designator=R4 Old Comment=10R 5% 0805 New Comment=330R 5% 0805(2012)
Change Component Comment : Designator=C4 Old Comment=CAP 10uF 25V 1206 New Comment=CAP 10uF 25V 1206(3216)
Change Component Designator: OldDesignator=C4 NewDesignator=C3
Change Component Designator: OldDesignator=C6 NewDesignator=C4
Change Component Designator: OldDesignator=U3 NewDesignator=U2
Change Component Description : Designator=R4 Old Description=10R 0.125W 5% 0805 (2012 Metric)  SMD New Description=330R 0.125W 5% 0805 (2012 Metric)  SMD
Added Component: Designator=C1(CAPC0805(2012)145_L)
Added Component: Designator=C2(CAPC0805(2012)145_L)
Added Component: Designator=C5(CAPC0805(2012)145_M)
Added Component: Designator=C6(CAPC0805(2012)145_M)
Added Component: Designator=C7(CAPC0805(2012)145_M)
Added Component: Designator=C8(CAPC0805(2012)145_M)
Added Component: Designator=C9(CAPC0805(2012)145_M)
Added Component: Designator=C10(CAPC0805(2012)145_M)
Added Component: Designator=C11(CAPC0805(2012)145_N)
Added Component: Designator=C12(CAPC0805(2012)145_M)
Added Component: Designator=C13(CAPC0805(2012)145_M)
Added Component: Designator=C14(CAPC0805(2012)145_N)
Added Component: Designator=C15(CAP 2.5mm)
Added Component: Designator=C16(CAP 2.5mm)
Added Component: Designator=D1(1N4148)
Added Component: Designator=D2(1N5819)
Added Component: Designator=D3(1N5819)
Added Component: Designator=D4(1N5337)
Added Component: Designator=D5(1N5337)
Added Component: Designator=D6(1N4148)
Added Component: Designator=D7(1N4148)
Added Component: Designator=J1(JST 2pin)
Added Component: Designator=J2(JST 2pin)
Added Component: Designator=J3(JST 2pin)
Added Component: Designator=J4(JST 2pin)
Added Component: Designator=J5(JST 2pin)
Added Component: Designator=J6(JST 2pin)
Added Component: Designator=J7(JST 2pin)
Added Component: Designator=J8(JST 2pin)
Added Component: Designator=R1(RESC0805(2012)_L)
Added Component: Designator=R2(RESC0805(2012)_L)
Added Component: Designator=R3(RESC0805(2012)_L)
Added Component: Designator=R5(RESC0805(2012)_N)
Added Component: Designator=R6(RESC0805(2012)_N)
Added Component: Designator=R7(RESC0805(2012)_N)
Added Component: Designator=R8(RESC0805(2012)_N)
Added Component: Designator=R9(RESC0805(2012)_N)
Added Component: Designator=R10(RESC0805(2012)_M)
Added Component: Designator=R11(RESC0805(2012)_L)
Added Component: Designator=U1(SOP14)
Added Component: Designator=U3(SOP14)
Added Component: Designator=U6(SOP8)
Added Component: Designator=U7(SOP8)
Added Component: Designator=U8(SOP14)
Added Pin To Net: NetName=+5 Pin=C5-2
Added Pin To Net: NetName=+5 Pin=C6-2
Added Pin To Net: NetName=+5 Pin=C7-2
Added Pin To Net: NetName=+5 Pin=C8-2
Added Pin To Net: NetName=+5 Pin=C16-2
Added Pin To Net: NetName=+5 Pin=D6-K
Added Pin To Net: NetName=+5 Pin=J8-1
Added Pin To Net: NetName=+5 Pin=R5-2
Added Pin To Net: NetName=+5 Pin=R6-2
Added Pin To Net: NetName=+5 Pin=R7-2
Added Pin To Net: NetName=+5 Pin=R8-2
Added Pin To Net: NetName=+5 Pin=U1-14
Added Pin To Net: NetName=+5 Pin=U2-14
Added Pin To Net: NetName=+5 Pin=U3-14
Added Pin To Net: NetName=+5 Pin=U8-14
Added Net: Name=+5
Added Pin To Net: NetName=+18 Pin=C9-2
Added Pin To Net: NetName=+18 Pin=C10-2
Added Pin To Net: NetName=+18 Pin=C11-2
Added Pin To Net: NetName=+18 Pin=C12-2
Added Pin To Net: NetName=+18 Pin=C13-2
Added Pin To Net: NetName=+18 Pin=C14-2
Added Pin To Net: NetName=+18 Pin=C15-2
Added Pin To Net: NetName=+18 Pin=J7-1
Added Pin To Net: NetName=+18 Pin=U4-1
Added Pin To Net: NetName=+18 Pin=U4-8
Added Pin To Net: NetName=+18 Pin=U5-1
Added Pin To Net: NetName=+18 Pin=U5-8
Added Net: Name=+18
Added Pin To Net: NetName=GND Pin=C2-1
Added Pin To Net: NetName=GND Pin=C5-1
Added Pin To Net: NetName=GND Pin=C6-1
Added Pin To Net: NetName=GND Pin=C7-1
Added Pin To Net: NetName=GND Pin=C8-1
Added Pin To Net: NetName=GND Pin=C9-1
Added Pin To Net: NetName=GND Pin=C10-1
Added Pin To Net: NetName=GND Pin=C11-1
Added Pin To Net: NetName=GND Pin=C12-1
Added Pin To Net: NetName=GND Pin=C13-1
Added Pin To Net: NetName=GND Pin=C14-1
Added Pin To Net: NetName=GND Pin=C15-1
Added Pin To Net: NetName=GND Pin=C16-1
Added Pin To Net: NetName=GND Pin=D3-A
Added Pin To Net: NetName=GND Pin=D5-A
Added Pin To Net: NetName=GND Pin=D7-A
Added Pin To Net: NetName=GND Pin=J2-2
Added Pin To Net: NetName=GND Pin=J7-2
Added Pin To Net: NetName=GND Pin=J8-2
Added Pin To Net: NetName=GND Pin=U1-5
Added Pin To Net: NetName=GND Pin=U1-7
Added Pin To Net: NetName=GND Pin=U1-13
Added Pin To Net: NetName=GND Pin=U2-7
Added Pin To Net: NetName=GND Pin=U3-2
Added Pin To Net: NetName=GND Pin=U3-7
Added Pin To Net: NetName=GND Pin=U3-11
Added Pin To Net: NetName=GND Pin=U3-12
Added Pin To Net: NetName=GND Pin=U4-4
Added Pin To Net: NetName=GND Pin=U4-5
Added Pin To Net: NetName=GND Pin=U5-4
Added Pin To Net: NetName=GND Pin=U5-5
Added Pin To Net: NetName=GND Pin=U6-5
Added Pin To Net: NetName=GND Pin=U6-7
Added Pin To Net: NetName=GND Pin=U7-5
Added Pin To Net: NetName=GND Pin=U7-7
Added Pin To Net: NetName=GND Pin=U8-7
Added Pin To Net: NetName=GND Pin=U8-11
Added Pin To Net: NetName=GND Pin=U8-13
Added Net: Name=GND
Added Pin To Net: NetName=NetC1_1 Pin=C1-1
Added Pin To Net: NetName=NetC1_1 Pin=D2-A
Added Pin To Net: NetName=NetC1_1 Pin=D4-A
Added Pin To Net: NetName=NetC1_1 Pin=J2-1
Added Net: Name=NetC1_1
Added Pin To Net: NetName=NetC1_2 Pin=C1-2
Added Pin To Net: NetName=NetC1_2 Pin=R10-1
Added Net: Name=NetC1_2
Added Pin To Net: NetName=NetC2_2 Pin=C2-2
Added Pin To Net: NetName=NetC2_2 Pin=D1-A
Added Pin To Net: NetName=NetC2_2 Pin=R9-2
Added Pin To Net: NetName=NetC2_2 Pin=U1-3
Added Net: Name=NetC2_2
Added Pin To Net: NetName=NetC3_1 Pin=C3-1
Added Pin To Net: NetName=NetC3_1 Pin=C4-1
Added Pin To Net: NetName=NetC3_1 Pin=R11-1
Added Pin To Net: NetName=NetC3_1 Pin=U4-6
Added Pin To Net: NetName=NetC3_1 Pin=U4-7
Added Net: Name=NetC3_1
Added Pin To Net: NetName=NetC3_2 Pin=C3-2
Added Pin To Net: NetName=NetC3_2 Pin=C4-2
Added Pin To Net: NetName=NetC3_2 Pin=J1-1
Added Pin To Net: NetName=NetC3_2 Pin=R11-2
Added Net: Name=NetC3_2
Added Pin To Net: NetName=NetD1_K Pin=D1-K
Added Pin To Net: NetName=NetD1_K Pin=R9-1
Added Pin To Net: NetName=NetD1_K Pin=U1-2
Added Pin To Net: NetName=NetD1_K Pin=U3-4
Added Net: Name=NetD1_K
Added Pin To Net: NetName=NetD2_K Pin=D2-K
Added Pin To Net: NetName=NetD2_K Pin=D5-K
Added Net: Name=NetD2_K
Added Pin To Net: NetName=NetD3_K Pin=D3-K
Added Pin To Net: NetName=NetD3_K Pin=D4-K
Added Net: Name=NetD3_K
Added Pin To Net: NetName=NetD6_A Pin=D6-A
Added Pin To Net: NetName=NetD6_A Pin=D7-K
Added Pin To Net: NetName=NetD6_A Pin=R10-2
Added Pin To Net: NetName=NetD6_A Pin=U1-9
Added Net: Name=NetD6_A
Added Pin To Net: NetName=NetJ1_2 Pin=J1-2
Added Pin To Net: NetName=NetJ1_2 Pin=U5-6
Added Pin To Net: NetName=NetJ1_2 Pin=U5-7
Added Net: Name=NetJ1_2
Added Pin To Net: NetName=NetJ3_1 Pin=J3-1
Added Pin To Net: NetName=NetJ3_1 Pin=R1-2
Added Net: Name=NetJ3_1
Added Pin To Net: NetName=NetJ3_2 Pin=J3-2
Added Pin To Net: NetName=NetJ3_2 Pin=U6-2
Added Net: Name=NetJ3_2
Added Pin To Net: NetName=NetJ4_1 Pin=J4-1
Added Pin To Net: NetName=NetJ4_1 Pin=R2-2
Added Net: Name=NetJ4_1
Added Pin To Net: NetName=NetJ4_2 Pin=J4-2
Added Pin To Net: NetName=NetJ4_2 Pin=U6-4
Added Net: Name=NetJ4_2
Added Pin To Net: NetName=NetJ5_1 Pin=J5-1
Added Pin To Net: NetName=NetJ5_1 Pin=R3-2
Added Net: Name=NetJ5_1
Added Pin To Net: NetName=NetJ5_2 Pin=J5-2
Added Pin To Net: NetName=NetJ5_2 Pin=U7-2
Added Net: Name=NetJ5_2
Added Pin To Net: NetName=NetJ6_1 Pin=J6-1
Added Pin To Net: NetName=NetJ6_1 Pin=R4-2
Added Net: Name=NetJ6_1
Added Pin To Net: NetName=NetJ6_2 Pin=J6-2
Added Pin To Net: NetName=NetJ6_2 Pin=U7-4
Added Net: Name=NetJ6_2
Added Pin To Net: NetName=NetR1_1 Pin=R1-1
Added Pin To Net: NetName=NetR1_1 Pin=U6-1
Added Net: Name=NetR1_1
Added Pin To Net: NetName=NetR2_1 Pin=R2-1
Added Pin To Net: NetName=NetR2_1 Pin=U6-3
Added Net: Name=NetR2_1
Added Pin To Net: NetName=NetR3_1 Pin=R3-1
Added Pin To Net: NetName=NetR3_1 Pin=U7-1
Added Net: Name=NetR3_1
Added Pin To Net: NetName=NetR4_1 Pin=R4-1
Added Pin To Net: NetName=NetR4_1 Pin=U7-3
Added Net: Name=NetR4_1
Added Pin To Net: NetName=NetR5_1 Pin=R5-1
Added Pin To Net: NetName=NetR5_1 Pin=U6-8
Added Pin To Net: NetName=NetR5_1 Pin=U8-1
Added Net: Name=NetR5_1
Added Pin To Net: NetName=NetR6_1 Pin=R6-1
Added Pin To Net: NetName=NetR6_1 Pin=U6-6
Added Pin To Net: NetName=NetR6_1 Pin=U8-3
Added Net: Name=NetR6_1
Added Pin To Net: NetName=NetR7_1 Pin=R7-1
Added Pin To Net: NetName=NetR7_1 Pin=U7-8
Added Pin To Net: NetName=NetR7_1 Pin=U8-5
Added Net: Name=NetR7_1
Added Pin To Net: NetName=NetR8_1 Pin=R8-1
Added Pin To Net: NetName=NetR8_1 Pin=U7-6
Added Pin To Net: NetName=NetR8_1 Pin=U8-9
Added Net: Name=NetR8_1
Added Pin To Net: NetName=NetU1_1 Pin=U1-1
Added Pin To Net: NetName=NetU1_1 Pin=U2-6
Added Net: Name=NetU1_1
Added Pin To Net: NetName=NetU1_4 Pin=U1-4
Added Pin To Net: NetName=NetU1_4 Pin=U3-1
Added Net: Name=NetU1_4
Added Pin To Net: NetName=NetU1_8 Pin=U1-8
Added Pin To Net: NetName=NetU1_8 Pin=U1-11
Added Pin To Net: NetName=NetU1_8 Pin=U2-13
Added Pin To Net: NetName=NetU1_8 Pin=U3-3
Added Net: Name=NetU1_8
Added Pin To Net: NetName=NetU1_10 Pin=U1-10
Added Pin To Net: NetName=NetU1_10 Pin=U2-9
Added Net: Name=NetU1_10
Added Pin To Net: NetName=NetU2_1 Pin=U2-1
Added Pin To Net: NetName=NetU2_1 Pin=U8-2
Added Net: Name=NetU2_1
Added Pin To Net: NetName=NetU2_2 Pin=U2-2
Added Pin To Net: NetName=NetU2_2 Pin=U8-4
Added Net: Name=NetU2_2
Added Pin To Net: NetName=NetU2_3 Pin=U2-3
Added Pin To Net: NetName=NetU2_3 Pin=U2-4
Added Net: Name=NetU2_3
Added Pin To Net: NetName=NetU2_5 Pin=U2-5
Added Pin To Net: NetName=NetU2_5 Pin=U8-6
Added Net: Name=NetU2_5
Added Pin To Net: NetName=NetU2_8 Pin=U2-8
Added Pin To Net: NetName=NetU2_8 Pin=U4-2
Added Net: Name=NetU2_8
Added Pin To Net: NetName=NetU2_10 Pin=U2-10
Added Pin To Net: NetName=NetU2_10 Pin=U2-12
Added Pin To Net: NetName=NetU2_10 Pin=U3-5
Added Net: Name=NetU2_10
Added Pin To Net: NetName=NetU2_11 Pin=U2-11
Added Pin To Net: NetName=NetU2_11 Pin=U5-2
Added Net: Name=NetU2_11
Added Member To Class: ClassName=IGBT_Driver_Stage Member=Component C1 CAP 100nF 25V 0805(2012)
Added Member To Class: ClassName=IGBT_Driver_Stage Member=Component C2 CAP 22nF 25V 0805(2012)
Added Member To Class: ClassName=IGBT_Driver_Stage Member=Component C5 CAP 100nF 25V 0805(2012)
Added Member To Class: ClassName=IGBT_Driver_Stage Member=Component C6 CAP 100nF 25V 0805(2012)
Added Member To Class: ClassName=IGBT_Driver_Stage Member=Component C7 CAP 100nF 25V 0805(2012)
Added Member To Class: ClassName=IGBT_Driver_Stage Member=Component C8 CAP 100nF 25V 0805(2012)
Added Member To Class: ClassName=IGBT_Driver_Stage Member=Component C9 CAP 100nF 25V 0805(2012)
Added Member To Class: ClassName=IGBT_Driver_Stage Member=Component C10 CAP 100nF 25V 0805(2012)
Added Member To Class: ClassName=IGBT_Driver_Stage Member=Component C11 CAP 1uF 25V 0805(2012)
Added Member To Class: ClassName=IGBT_Driver_Stage Member=Component C12 CAP 100nF 25V 0805(2012)
Added Member To Class: ClassName=IGBT_Driver_Stage Member=Component C13 CAP 100nF 25V 0805(2012)
Added Member To Class: ClassName=IGBT_Driver_Stage Member=Component C14 CAP 1uF 25V 0805(2012)
Added Member To Class: ClassName=IGBT_Driver_Stage Member=Component C15 CAP
Added Member To Class: ClassName=IGBT_Driver_Stage Member=Component C16 CAP
Added Member To Class: ClassName=IGBT_Driver_Stage Member=Component D1 1N4148
Added Member To Class: ClassName=IGBT_Driver_Stage Member=Component D2 1N5819
Added Member To Class: ClassName=IGBT_Driver_Stage Member=Component D3 1N5819
Added Member To Class: ClassName=IGBT_Driver_Stage Member=Component D4 1N5337
Added Member To Class: ClassName=IGBT_Driver_Stage Member=Component D5 1N5337
Added Member To Class: ClassName=IGBT_Driver_Stage Member=Component D6 1N4148
Added Member To Class: ClassName=IGBT_Driver_Stage Member=Component D7 1N4148
Added Member To Class: ClassName=IGBT_Driver_Stage Member=Component J1 JST 2pin
Added Member To Class: ClassName=IGBT_Driver_Stage Member=Component J2 JST 2pin
Added Member To Class: ClassName=IGBT_Driver_Stage Member=Component J3 JST 2pin
Added Member To Class: ClassName=IGBT_Driver_Stage Member=Component J4 JST 2pin
Added Member To Class: ClassName=IGBT_Driver_Stage Member=Component J5 JST 2pin
Added Member To Class: ClassName=IGBT_Driver_Stage Member=Component J6 JST 2pin
Added Member To Class: ClassName=IGBT_Driver_Stage Member=Component J7 JST 2pin
Added Member To Class: ClassName=IGBT_Driver_Stage Member=Component J8 JST 2pin
Added Member To Class: ClassName=IGBT_Driver_Stage Member=Component R1 330R 5% 0805(2012)
Added Member To Class: ClassName=IGBT_Driver_Stage Member=Component R2 330R 5% 0805(2012)
Added Member To Class: ClassName=IGBT_Driver_Stage Member=Component R3 330R 5% 0805(2012)
Added Member To Class: ClassName=IGBT_Driver_Stage Member=Component R5 1K 5% 0805(2012)
Added Member To Class: ClassName=IGBT_Driver_Stage Member=Component R6 1K 5% 0805(2012)
Added Member To Class: ClassName=IGBT_Driver_Stage Member=Component R7 1K 5% 0805(2012)
Added Member To Class: ClassName=IGBT_Driver_Stage Member=Component R8 1K 5% 0805(2012)
Added Member To Class: ClassName=IGBT_Driver_Stage Member=Component R9 20K 1% 0805(2012)
Added Member To Class: ClassName=IGBT_Driver_Stage Member=Component R10 1K 1% 0805(2012)
Added Member To Class: ClassName=IGBT_Driver_Stage Member=Component R11 10R 5% 0805(2012)
Added Member To Class: ClassName=IGBT_Driver_Stage Member=Component U1 74HC14
Added Member To Class: ClassName=IGBT_Driver_Stage Member=Component U2 74HC08
Added Member To Class: ClassName=IGBT_Driver_Stage Member=Component U3 74HC74
Added Member To Class: ClassName=IGBT_Driver_Stage Member=Component U4 MIC4422YM
Added Member To Class: ClassName=IGBT_Driver_Stage Member=Component U6 MOCD207R2M
Added Member To Class: ClassName=IGBT_Driver_Stage Member=Component U7 MOCD207R2M
Added Member To Class: ClassName=IGBT_Driver_Stage Member=Component U8 74HC14
