Replace Part C1 CAP in C:\Users\oystein\Documents\Prosjekter\OmegaVerksted\Tesla\Utlegg2014\IGBT_Driver_Stage.SchDoc with CAP from Altium Content Vault
Replace Part C2 CAP in C:\Users\oystein\Documents\Prosjekter\OmegaVerksted\Tesla\Utlegg2014\IGBT_Driver_Stage.SchDoc with CAP from Altium Content Vault
Replace Part C3 CAP in C:\Users\oystein\Documents\Prosjekter\OmegaVerksted\Tesla\Utlegg2014\IGBT_Driver_Stage.SchDoc with CAP from Altium Content Vault
Replace Part C4 CAP in C:\Users\oystein\Documents\Prosjekter\OmegaVerksted\Tesla\Utlegg2014\IGBT_Driver_Stage.SchDoc with CAP from Altium Content Vault
Replace Part D1 1N4148 in C:\Users\oystein\Documents\Prosjekter\OmegaVerksted\Tesla\Utlegg2014\IGBT_Driver_Stage.SchDoc with 1N4148 from Schlib1.SchLib
Replace Part D2 1N5819 in C:\Users\oystein\Documents\Prosjekter\OmegaVerksted\Tesla\Utlegg2014\IGBT_Driver_Stage.SchDoc with 1N5819 from Schlib1.SchLib
Replace Part D3 1N5819 in C:\Users\oystein\Documents\Prosjekter\OmegaVerksted\Tesla\Utlegg2014\IGBT_Driver_Stage.SchDoc with 1N5819 from Schlib1.SchLib
Replace Part D4 1N5337 in C:\Users\oystein\Documents\Prosjekter\OmegaVerksted\Tesla\Utlegg2014\IGBT_Driver_Stage.SchDoc with 1N5337 from Schlib1.SchLib
Replace Part D5 1N5337 in C:\Users\oystein\Documents\Prosjekter\OmegaVerksted\Tesla\Utlegg2014\IGBT_Driver_Stage.SchDoc with 1N5337 from Schlib1.SchLib
Replace Part D6 1N4148 in C:\Users\oystein\Documents\Prosjekter\OmegaVerksted\Tesla\Utlegg2014\IGBT_Driver_Stage.SchDoc with 1N4148 from Schlib1.SchLib
Replace Part D7 1N4148 in C:\Users\oystein\Documents\Prosjekter\OmegaVerksted\Tesla\Utlegg2014\IGBT_Driver_Stage.SchDoc with 1N4148 from Schlib1.SchLib
Replace Part J1 JST 2pin in C:\Users\oystein\Documents\Prosjekter\OmegaVerksted\Tesla\Utlegg2014\IGBT_Driver_Stage.SchDoc with JST 2pin from Schlib1.SchLib
Replace Part J2 JST 2pin in C:\Users\oystein\Documents\Prosjekter\OmegaVerksted\Tesla\Utlegg2014\IGBT_Driver_Stage.SchDoc with JST 2pin from Schlib1.SchLib
Replace Part J3 JST 2pin in C:\Users\oystein\Documents\Prosjekter\OmegaVerksted\Tesla\Utlegg2014\IGBT_Driver_Stage.SchDoc with JST 2pin from Schlib1.SchLib
Replace Part J4 JST 2pin in C:\Users\oystein\Documents\Prosjekter\OmegaVerksted\Tesla\Utlegg2014\IGBT_Driver_Stage.SchDoc with JST 2pin from Schlib1.SchLib
Replace Part J5 JST 2pin in C:\Users\oystein\Documents\Prosjekter\OmegaVerksted\Tesla\Utlegg2014\IGBT_Driver_Stage.SchDoc with JST 2pin from Schlib1.SchLib
Replace Part J6 JST 2pin in C:\Users\oystein\Documents\Prosjekter\OmegaVerksted\Tesla\Utlegg2014\IGBT_Driver_Stage.SchDoc with JST 2pin from Schlib1.SchLib
Replace Part R1 RES in C:\Users\oystein\Documents\Prosjekter\OmegaVerksted\Tesla\Utlegg2014\IGBT_Driver_Stage.SchDoc with RES from Altium Content Vault
Replace Part R2 RES in C:\Users\oystein\Documents\Prosjekter\OmegaVerksted\Tesla\Utlegg2014\IGBT_Driver_Stage.SchDoc with RES from Altium Content Vault
Replace Part R3 RES in C:\Users\oystein\Documents\Prosjekter\OmegaVerksted\Tesla\Utlegg2014\IGBT_Driver_Stage.SchDoc with RES from Altium Content Vault
Replace Part R4 RES in C:\Users\oystein\Documents\Prosjekter\OmegaVerksted\Tesla\Utlegg2014\IGBT_Driver_Stage.SchDoc with RES from Altium Content Vault
Replace Part R5 RES in C:\Users\oystein\Documents\Prosjekter\OmegaVerksted\Tesla\Utlegg2014\IGBT_Driver_Stage.SchDoc with RES from Altium Content Vault
Replace Part R6 RES in C:\Users\oystein\Documents\Prosjekter\OmegaVerksted\Tesla\Utlegg2014\IGBT_Driver_Stage.SchDoc with RES from Altium Content Vault
Replace Part R7 RES in C:\Users\oystein\Documents\Prosjekter\OmegaVerksted\Tesla\Utlegg2014\IGBT_Driver_Stage.SchDoc with RES from Altium Content Vault
Replace Part R8 RES in C:\Users\oystein\Documents\Prosjekter\OmegaVerksted\Tesla\Utlegg2014\IGBT_Driver_Stage.SchDoc with RES from Altium Content Vault
Replace Part R9 RES in C:\Users\oystein\Documents\Prosjekter\OmegaVerksted\Tesla\Utlegg2014\IGBT_Driver_Stage.SchDoc with RES from Altium Content Vault
Replace Part R10 RES in C:\Users\oystein\Documents\Prosjekter\OmegaVerksted\Tesla\Utlegg2014\IGBT_Driver_Stage.SchDoc with RES from Altium Content Vault
Replace Part R11 RES in C:\Users\oystein\Documents\Prosjekter\OmegaVerksted\Tesla\Utlegg2014\IGBT_Driver_Stage.SchDoc with RES from Altium Content Vault
Replace Part U1 74HC14 in C:\Users\oystein\Documents\Prosjekter\OmegaVerksted\Tesla\Utlegg2014\IGBT_Driver_Stage.SchDoc with 74HC14 from Schlib1.SchLib
Replace Part U1 74HC14 in C:\Users\oystein\Documents\Prosjekter\OmegaVerksted\Tesla\Utlegg2014\IGBT_Driver_Stage.SchDoc with 74HC14 from Schlib1.SchLib
Replace Part U1 74HC14 in C:\Users\oystein\Documents\Prosjekter\OmegaVerksted\Tesla\Utlegg2014\IGBT_Driver_Stage.SchDoc with 74HC14 from Schlib1.SchLib
Replace Part U1 74HC14 in C:\Users\oystein\Documents\Prosjekter\OmegaVerksted\Tesla\Utlegg2014\IGBT_Driver_Stage.SchDoc with 74HC14 from Schlib1.SchLib
Replace Part U1 74HC14 in C:\Users\oystein\Documents\Prosjekter\OmegaVerksted\Tesla\Utlegg2014\IGBT_Driver_Stage.SchDoc with 74HC14 from Schlib1.SchLib
Replace Part U1 74HC14 in C:\Users\oystein\Documents\Prosjekter\OmegaVerksted\Tesla\Utlegg2014\IGBT_Driver_Stage.SchDoc with 74HC14 from Schlib1.SchLib
Replace Part U1 74HC14 in C:\Users\oystein\Documents\Prosjekter\OmegaVerksted\Tesla\Utlegg2014\IGBT_Driver_Stage.SchDoc with 74HC14 from Schlib1.SchLib
Replace Part U2 74HC08 in C:\Users\oystein\Documents\Prosjekter\OmegaVerksted\Tesla\Utlegg2014\IGBT_Driver_Stage.SchDoc with 74HC08 from Schlib1.SchLib
Replace Part U2 74HC08 in C:\Users\oystein\Documents\Prosjekter\OmegaVerksted\Tesla\Utlegg2014\IGBT_Driver_Stage.SchDoc with 74HC08 from Schlib1.SchLib
Replace Part U2 74HC08 in C:\Users\oystein\Documents\Prosjekter\OmegaVerksted\Tesla\Utlegg2014\IGBT_Driver_Stage.SchDoc with 74HC08 from Schlib1.SchLib
Replace Part U2 74HC08 in C:\Users\oystein\Documents\Prosjekter\OmegaVerksted\Tesla\Utlegg2014\IGBT_Driver_Stage.SchDoc with 74HC08 from Schlib1.SchLib
Replace Part U2 74HC08 in C:\Users\oystein\Documents\Prosjekter\OmegaVerksted\Tesla\Utlegg2014\IGBT_Driver_Stage.SchDoc with 74HC08 from Schlib1.SchLib
Replace Part U3 74HC74 in C:\Users\oystein\Documents\Prosjekter\OmegaVerksted\Tesla\Utlegg2014\IGBT_Driver_Stage.SchDoc with 74HC74 from Schlib1.SchLib
Replace Part U3 74HC74 in C:\Users\oystein\Documents\Prosjekter\OmegaVerksted\Tesla\Utlegg2014\IGBT_Driver_Stage.SchDoc with 74HC74 from Schlib1.SchLib
Replace Part U4 MIC4422YM in C:\Users\oystein\Documents\Prosjekter\OmegaVerksted\Tesla\Utlegg2014\IGBT_Driver_Stage.SchDoc with MIC4422YM from Schlib1.SchLib
Replace Part U5 MIC4422YM in C:\Users\oystein\Documents\Prosjekter\OmegaVerksted\Tesla\Utlegg2014\IGBT_Driver_Stage.SchDoc with MIC4422YM from Schlib1.SchLib
Replace Part U6 MOCD207R2M in C:\Users\oystein\Documents\Prosjekter\OmegaVerksted\Tesla\Utlegg2014\IGBT_Driver_Stage.SchDoc with MOCD207R2M from Schlib1.SchLib
Replace Part U7 MOCD207R2M in C:\Users\oystein\Documents\Prosjekter\OmegaVerksted\Tesla\Utlegg2014\IGBT_Driver_Stage.SchDoc with MOCD207R2M from Schlib1.SchLib
