Added Component: Designator=D?(I_LEDC0603(1608)_N)
Added Component: Designator=D?(I_LEDC0603(1608)_N)
Added Component: Designator=D?(I_LEDC0603(1608)_N)
Added Component: Designator=J?(JST_4P)
Added Component: Designator=J?(MPSC-02-16-02-7.70-03-L-V-LC)
Added Component: Designator=J?(JST_4P)
Added Component: Designator=J?(MPSC-02-16-02-7.70-03-L-V-LC)
Added Component: Designator=J?(JST_4P)
Added Component: Designator=J?(MPSC-02-16-02-7.70-03-L-V-LC)
Added Component: Designator=M?(CardHolder900X1900X84000)
Added Component: Designator=M?(CardHolder900X1900X84000)
Added Component: Designator=M?(CardHolder900X1900X84000)
Added Component: Designator=M?(CardHolder900X1900X84000)
Added Component: Designator=M?(CardHolder900X1900X84000)
Added Component: Designator=M?(CardHolder900X1900X84000)
Added Component: Designator=Q?(Micro3)
Added Component: Designator=Q?(SOT95P280X130-3N)
Added Component: Designator=Q?(Micro3)
Added Component: Designator=Q?(SOT95P280X130-3N)
Added Component: Designator=Q?(Micro3)
Added Component: Designator=Q?(SOT95P280X130-3N)
Added Component: Designator=R?(RESC0603(1608)_N)
Added Component: Designator=R?(RESC0603(1608)_N)
Added Component: Designator=R?(RESC0603(1608)_N)
Added Component: Designator=R?(RESC0603(1608)_N)
Added Component: Designator=R?(RESC0603(1608)_N)
Added Component: Designator=R?(RESC0603(1608)_N)
Added Pin To Net: NetName=GND Pin=D?-2
Added Pin To Net: NetName=GND Pin=D?-2
Added Pin To Net: NetName=GND Pin=D?-2
Added Pin To Net: NetName=GND Pin=Q?-2
Added Pin To Net: NetName=GND Pin=Q?-2
Added Pin To Net: NetName=GND Pin=Q?-2
Added Pin To Net: NetName=GND Pin=R?-2
Added Pin To Net: NetName=GND Pin=R?-2
Added Pin To Net: NetName=GND Pin=R?-2
Added Net: Name=GND
Added Pin To Net: NetName=KORT_INNSATT Pin=Q?-3
Added Pin To Net: NetName=KORT_INNSATT Pin=Q?-3
Added Pin To Net: NetName=KORT_INNSATT Pin=Q?-3
Added Net: Name=KORT_INNSATT
Added Pin To Net: NetName=NetD?_1 Pin=D?-1
Added Pin To Net: NetName=NetD?_1 Pin=R?-1
Added Net: Name=NetD?_1
Added Pin To Net: NetName=NetJ?_1 Pin=J?-1
Added Net: Name=NetJ?_1
Added Pin To Net: NetName=NetJ?_2 Pin=J?-2
Added Net: Name=NetJ?_2
Added Pin To Net: NetName=NetJ?_3 Pin=J?-3
Added Net: Name=NetJ?_3
Added Pin To Net: NetName=NetJ?_4 Pin=J?-4
Added Net: Name=NetJ?_4
Added Pin To Net: NetName=NetQ?_2 Pin=Q?-2
Added Pin To Net: NetName=NetQ?_2 Pin=R?-2
Added Net: Name=NetQ?_2
Added Pin To Net: NetName=S0_KI Pin=Q?-1
Added Pin To Net: NetName=S0_KI Pin=Q?-1
Added Pin To Net: NetName=S0_KI Pin=Q?-1
Added Pin To Net: NetName=S0_KI Pin=Q?-1
Added Pin To Net: NetName=S0_KI Pin=Q?-1
Added Pin To Net: NetName=S0_KI Pin=Q?-1
Added Pin To Net: NetName=S0_KI Pin=R?-1
Added Pin To Net: NetName=S0_KI Pin=R?-1
Added Pin To Net: NetName=S0_KI Pin=R?-1
Added Net: Name=S0_KI
Added Pin To Net: NetName=VCC_P5V0 Pin=Q?-3
Added Pin To Net: NetName=VCC_P5V0 Pin=Q?-3
Added Pin To Net: NetName=VCC_P5V0 Pin=Q?-3
Added Net: Name=VCC_P5V0
Added Class: Name=TK530_Kraftbakplan
