Change Component Designator: Old Designator=D? New Designator=D53000
Change Component Designator: Old Designator=D? New Designator=D53001
Change Component Designator: Old Designator=D? New Designator=D53002
Change Component Designator: Old Designator=J? New Designator=J53000
Change Component Designator: Old Designator=J? New Designator=J53001
Change Component Designator: Old Designator=J? New Designator=J53002
Change Component Designator: Old Designator=J? New Designator=J53003
Change Component Designator: Old Designator=J? New Designator=J53004
Change Component Designator: Old Designator=J? New Designator=J53005
Change Component Designator: Old Designator=M? New Designator=M53000
Change Component Designator: Old Designator=M? New Designator=M53001
Change Component Designator: Old Designator=M? New Designator=M53002
Change Component Designator: Old Designator=M? New Designator=M53003
Change Component Designator: Old Designator=M? New Designator=M53004
Change Component Designator: Old Designator=M? New Designator=M53005
Change Component Designator: Old Designator=Q? New Designator=Q53000
Change Component Designator: Old Designator=Q? New Designator=Q53001
Change Component Designator: Old Designator=Q? New Designator=Q53002
Change Component Designator: Old Designator=Q? New Designator=Q53003
Change Component Designator: Old Designator=Q? New Designator=Q53004
Change Component Designator: Old Designator=Q? New Designator=Q53005
Change Component Designator: Old Designator=R? New Designator=R53000
Change Component Designator: Old Designator=R? New Designator=R53001
Change Component Designator: Old Designator=R? New Designator=R53002
Change Component Designator: Old Designator=R? New Designator=R53003
Change Component Designator: Old Designator=R? New Designator=R53004
Change Component Designator: Old Designator=R? New Designator=R53005
