Added Component: Designator=J53000(MPSC-02-16-02-7.70-03-L-V-LC)
Added Component: Designator=J53001(MPSC-02-16-02-7.70-03-L-V-LC)
Added Component: Designator=J53002(MPSC-02-16-02-7.70-03-L-V-LC)
Added Pin To Net: NetName=GND Pin=J53000-5
Added Pin To Net: NetName=GND Pin=J53000-6
Added Pin To Net: NetName=GND Pin=J53000-7
Added Pin To Net: NetName=GND Pin=J53000-8
Added Pin To Net: NetName=VCC_P5V0 Pin=J53000-9
Added Pin To Net: NetName=S0_KI Pin=J53000-10
Added Pin To Net: NetName=VCC_P5V0 Pin=J53000-11
Added Pin To Net: NetName=VCC_P5V0 Pin=J53000-12
Added Pin To Net: NetName=GND Pin=J53000-14
Added Pin To Net: NetName=GND Pin=J53000-15
Added Pin To Net: NetName=NetJ53001_1 Pin=J53001-1
Added Pin To Net: NetName=NetJ53001_1 Pin=J53001-1
Added Pin To Net: NetName=NetJ53001_1 Pin=J53001-1
Added Pin To Net: NetName=NetJ53001_1 Pin=J53001-1
Added Pin To Net: NetName=NetJ53001_1 Pin=J53001-1
Added Pin To Net: NetName=NetJ53001_1 Pin=J53001-1
Added Pin To Net: NetName=NetJ53001_1 Pin=J53001-2
Added Pin To Net: NetName=NetJ53001_1 Pin=J53001-2
Added Pin To Net: NetName=NetJ53001_1 Pin=J53001-2
Added Pin To Net: NetName=NetJ53001_1 Pin=J53001-2
Added Pin To Net: NetName=NetJ53001_1 Pin=J53001-2
Added Pin To Net: NetName=NetJ53001_1 Pin=J53001-2
Added Pin To Net: NetName=NetJ53001_1 Pin=J53001-3
Added Pin To Net: NetName=NetJ53001_1 Pin=J53001-3
Added Pin To Net: NetName=NetJ53001_1 Pin=J53001-3
Added Pin To Net: NetName=NetJ53001_1 Pin=J53001-3
Added Pin To Net: NetName=NetJ53001_1 Pin=J53001-3
Added Pin To Net: NetName=NetJ53001_1 Pin=J53001-3
Added Pin To Net: NetName=NetJ53001_1 Pin=J53001-4
Added Pin To Net: NetName=NetJ53001_1 Pin=J53001-4
Added Pin To Net: NetName=NetJ53001_1 Pin=J53001-4
Added Pin To Net: NetName=NetJ53001_1 Pin=J53001-4
Added Pin To Net: NetName=NetJ53001_1 Pin=J53001-4
Added Pin To Net: NetName=NetJ53001_1 Pin=J53001-4
Added Pin To Net: NetName=GND Pin=J53001-5
Added Pin To Net: NetName=GND Pin=J53001-6
Added Pin To Net: NetName=GND Pin=J53001-7
Added Pin To Net: NetName=GND Pin=J53001-8
Added Pin To Net: NetName=VCC_P5V0 Pin=J53001-9
Added Pin To Net: NetName=S0_KI Pin=J53001-10
Added Pin To Net: NetName=VCC_P5V0 Pin=J53001-11
Added Pin To Net: NetName=VCC_P5V0 Pin=J53001-12
Added Pin To Net: NetName=GND Pin=J53001-14
Added Pin To Net: NetName=GND Pin=J53001-15
Added Pin To Net: NetName=GND Pin=J53002-5
Added Pin To Net: NetName=GND Pin=J53002-6
Added Pin To Net: NetName=GND Pin=J53002-7
Added Pin To Net: NetName=GND Pin=J53002-8
Added Pin To Net: NetName=VCC_P5V0 Pin=J53002-9
Added Pin To Net: NetName=S0_KI Pin=J53002-10
Added Pin To Net: NetName=VCC_P5V0 Pin=J53002-11
Added Pin To Net: NetName=VCC_P5V0 Pin=J53002-12
Added Pin To Net: NetName=GND Pin=J53002-14
Added Pin To Net: NetName=GND Pin=J53002-15
Added Pin To Net: NetName=NetJ53000_17 Pin=J53000-17
Added Pin To Net: NetName=NetJ53000_17 Pin=J53003-1
Added Net: Name=NetJ53000_17
Added Pin To Net: NetName=NetJ53000_18 Pin=J53000-18
Added Pin To Net: NetName=NetJ53000_18 Pin=J53003-2
Added Net: Name=NetJ53000_18
Added Pin To Net: NetName=NetJ53000_19 Pin=J53000-19
Added Pin To Net: NetName=NetJ53000_19 Pin=J53003-3
Added Net: Name=NetJ53000_19
Added Pin To Net: NetName=NetJ53000_20 Pin=J53000-20
Added Pin To Net: NetName=NetJ53000_20 Pin=J53003-4
Added Net: Name=NetJ53000_20
Added Pin To Net: NetName=NetJ53001_17 Pin=J53001-17
Added Pin To Net: NetName=NetJ53001_17 Pin=J53004-1
Added Net: Name=NetJ53001_17
Added Pin To Net: NetName=NetJ53001_18 Pin=J53001-18
Added Pin To Net: NetName=NetJ53001_18 Pin=J53004-2
Added Net: Name=NetJ53001_18
Added Pin To Net: NetName=NetJ53001_19 Pin=J53001-19
Added Pin To Net: NetName=NetJ53001_19 Pin=J53004-3
Added Net: Name=NetJ53001_19
Added Pin To Net: NetName=NetJ53001_20 Pin=J53001-20
Added Pin To Net: NetName=NetJ53001_20 Pin=J53004-4
Added Net: Name=NetJ53001_20
Added Pin To Net: NetName=NetJ53002_17 Pin=J53002-17
Added Pin To Net: NetName=NetJ53002_17 Pin=J53005-1
Added Net: Name=NetJ53002_17
Added Pin To Net: NetName=NetJ53002_18 Pin=J53002-18
Added Pin To Net: NetName=NetJ53002_18 Pin=J53005-2
Added Net: Name=NetJ53002_18
Added Pin To Net: NetName=NetJ53002_19 Pin=J53002-19
Added Pin To Net: NetName=NetJ53002_19 Pin=J53005-3
Added Net: Name=NetJ53002_19
Added Pin To Net: NetName=NetJ53002_20 Pin=J53002-20
Added Pin To Net: NetName=NetJ53002_20 Pin=J53005-4
Added Net: Name=NetJ53002_20
Added Member To Class: ClassName=TK530_Kraftbakplan Member=Component J53000 MPXX-02-16-02
Added Member To Class: ClassName=TK530_Kraftbakplan Member=Component J53001 MPXX-02-16-02
Added Member To Class: ClassName=TK530_Kraftbakplan Member=Component J53002 MPXX-02-16-02
